octapad-app/app/build/intermediates/manifest_merge_blame_file/debug/manifest-merger-blame-debug-report.txt
1<?xml version="1.0" encoding="utf-8"?>
2<manifest xmlns:android="http://schemas.android.com/apk/res/android"
3    package="com.pramod.octapadpromidi"
4    android:compileSdkVersion="34"
5    android:compileSdkVersionCodename="14"
6    android:versionCode="1"
7    android:versionName="1.0" >
8
9    <uses-sdk
10        android:minSdkVersion="23"
11        android:targetSdkVersion="30" />
12
13    <uses-permission android:name="android.permission.READ_EXTERNAL_STORAGE" />
13-->src/main/AndroidManifest.xml:7:5-79
13-->src/main/AndroidManifest.xml:7:22-77
14    <uses-permission android:name="android.permission.WRITE_EXTERNAL_STORAGE" />
14-->src/main/AndroidManifest.xml:8:5-80
14-->src/main/AndroidManifest.xml:8:22-78
15    <uses-permission android:name="android.permission.RECORD_AUDIO" />
15-->src/main/AndroidManifest.xml:9:5-70
15-->src/main/AndroidManifest.xml:9:22-68
16    <uses-permission android:name="android.permission.MODIFY_AUDIO_SETTINGS" />
16-->src/main/AndroidManifest.xml:10:5-79
16-->src/main/AndroidManifest.xml:10:22-77
17    <uses-permission android:name="android.permission.INTERNET" />
17-->src/main/AndroidManifest.xml:11:5-66
17-->src/main/AndroidManifest.xml:11:22-64
18    <uses-permission android:name="android.permission.ACCESS_NETWORK_STATE" />
18-->src/main/AndroidManifest.xml:12:5-78
18-->src/main/AndroidManifest.xml:12:22-76
19
20    <uses-feature android:name="android.hardware.usb.host" />
20-->src/main/AndroidManifest.xml:13:5-61
20-->src/main/AndroidManifest.xml:13:19-59
21    <uses-feature
21-->src/main/AndroidManifest.xml:14:5-16:34
22        android:name="android.software.midi"
22-->src/main/AndroidManifest.xml:15:9-45
23        android:required="true" />
23-->src/main/AndroidManifest.xml:16:9-32
24
25    <permission
25-->src/main/AndroidManifest.xml:17:5-19:46
26        android:name="com.pramod.octapadpromidi.DYNAMIC_RECEIVER_NOT_EXPORTED_PERMISSION"
26-->src/main/AndroidManifest.xml:18:9-90
27        android:protectionLevel="signature" />
27-->src/main/AndroidManifest.xml:19:9-44
28
29    <uses-permission android:name="com.pramod.octapadpromidi.DYNAMIC_RECEIVER_NOT_EXPORTED_PERMISSION" />
29-->src/main/AndroidManifest.xml:20:5-105
29-->src/main/AndroidManifest.xml:20:22-103
30
31    <application
31-->src/main/AndroidManifest.xml:21:5-87:19
32        android:allowBackup="true"
32-->src/main/AndroidManifest.xml:26:9-35
33        android:appComponentFactory="androidx.core.app.CoreComponentFactory"
33-->src/main/AndroidManifest.xml:28:9-77
34        android:debuggable="true"
34-->src/main/AndroidManifest.xml:25:9-34
35        android:extractNativeLibs="true"
35-->src/main/AndroidManifest.xml:27:9-41
36        android:icon="@mipmap/ic_launcher"
36-->src/main/AndroidManifest.xml:24:9-43
37        android:label="@string/app_name"
37-->src/main/AndroidManifest.xml:23:9-41
38        android:theme="@android:style/Theme.Black.NoTitleBar.Fullscreen" >
38-->src/main/AndroidManifest.xml:22:9-73
39        <activity
39-->src/main/AndroidManifest.xml:29:9-37:20
40            android:name="com.pramod.octapadpromidi.ActivationActivity"
40-->src/main/AndroidManifest.xml:30:13-72
41            android:exported="true"
41-->src/main/AndroidManifest.xml:31:13-36
42            android:screenOrientation="landscape" >
42-->src/main/AndroidManifest.xml:32:13-50
43            <intent-filter>
43-->src/main/AndroidManifest.xml:33:13-36:29
44                <action android:name="android.intent.action.MAIN" />
44-->src/main/AndroidManifest.xml:34:17-68
44-->src/main/AndroidManifest.xml:34:25-66
45
46                <category android:name="android.intent.category.LAUNCHER" />
46-->src/main/AndroidManifest.xml:35:17-76
46-->src/main/AndroidManifest.xml:35:27-74
47            </intent-filter>
48        </activity>
49        <activity
49-->src/main/AndroidManifest.xml:38:9-41:52
50            android:name="com.pramod.octapadpromidi.MainActivity"
50-->src/main/AndroidManifest.xml:39:13-66
51            android:exported="false"
51-->src/main/AndroidManifest.xml:40:13-37
52            android:screenOrientation="landscape" />
52-->src/main/AndroidManifest.xml:41:13-50
53        <activity
53-->src/main/AndroidManifest.xml:42:9-45:52
54            android:name="com.pramod.octapadpromidi.LoopsActivity"
54-->src/main/AndroidManifest.xml:43:13-67
55            android:exported="false"
55-->src/main/AndroidManifest.xml:44:13-37
56            android:screenOrientation="landscape" />
56-->src/main/AndroidManifest.xml:45:13-50
57
58        <service
58-->src/main/AndroidManifest.xml:46:9-62:19
59            android:name="com.google.firebase.components.ComponentDiscoveryService"
59-->src/main/AndroidManifest.xml:47:13-84
60            android:directBootAware="true"
60-->src/main/AndroidManifest.xml:49:13-43
61            android:exported="false" >
61-->src/main/AndroidManifest.xml:48:13-37
62            <meta-data
62-->src/main/AndroidManifest.xml:50:13-52:84
63                android:name="com.google.firebase.components:com.google.firebase.database.FirebaseDatabaseKtxRegistrar"
63-->src/main/AndroidManifest.xml:51:17-120
64                android:value="com.google.firebase.components.ComponentRegistrar" />
64-->src/main/AndroidManifest.xml:52:17-82
65            <meta-data
65-->src/main/AndroidManifest.xml:53:13-55:84
66                android:name="com.google.firebase.components:com.google.firebase.database.DatabaseRegistrar"
66-->src/main/AndroidManifest.xml:54:17-109
67                android:value="com.google.firebase.components.ComponentRegistrar" />
67-->src/main/AndroidManifest.xml:55:17-82
68            <meta-data
68-->src/main/AndroidManifest.xml:56:13-58:84
69                android:name="com.google.firebase.components:com.google.firebase.ktx.FirebaseCommonLegacyRegistrar"
69-->src/main/AndroidManifest.xml:57:17-116
70                android:value="com.google.firebase.components.ComponentRegistrar" />
70-->src/main/AndroidManifest.xml:58:17-82
71            <meta-data
71-->src/main/AndroidManifest.xml:59:13-61:84
72                android:name="com.google.firebase.components:com.google.firebase.FirebaseCommonKtxRegistrar"
72-->src/main/AndroidManifest.xml:60:17-109
73                android:value="com.google.firebase.components.ComponentRegistrar" />
73-->src/main/AndroidManifest.xml:61:17-82
74        </service>
75
76        <provider
76-->src/main/AndroidManifest.xml:63:9-68:45
77            android:name="com.google.firebase.provider.FirebaseInitProvider"
77-->src/main/AndroidManifest.xml:64:13-77
78            android:authorities="com.pramod.octapadpromidi.firebaseinitprovider"
78-->src/main/AndroidManifest.xml:66:13-81
79            android:directBootAware="true"
79-->src/main/AndroidManifest.xml:68:13-43
80            android:exported="false"
80-->src/main/AndroidManifest.xml:65:13-37
81            android:initOrder="100" />
81-->src/main/AndroidManifest.xml:67:13-36
82
83        <activity
83-->src/main/AndroidManifest.xml:69:9-72:39
84            android:name="com.google.android.gms.common.api.GoogleApiActivity"
84-->src/main/AndroidManifest.xml:71:13-79
85            android:exported="false"
85-->src/main/AndroidManifest.xml:72:13-37
86            android:theme="@android:style/Theme.Translucent.NoTitleBar" />
86-->src/main/AndroidManifest.xml:70:13-72
87
88        <meta-data
88-->src/main/AndroidManifest.xml:73:9-75:68
89            android:name="com.google.android.gms.version"
89-->src/main/AndroidManifest.xml:74:13-58
90            android:value="@integer/google_play_services_version" />
90-->src/main/AndroidManifest.xml:75:13-66
91
92        <provider
92-->src/main/AndroidManifest.xml:76:9-86:20
93            android:name="androidx.startup.InitializationProvider"
93-->src/main/AndroidManifest.xml:77:13-67
94            android:authorities="com.pramod.octapadpromidi.androidx-startup"
94-->src/main/AndroidManifest.xml:79:13-77
95            android:exported="false" >
95-->src/main/AndroidManifest.xml:78:13-37
96            <meta-data
96-->src/main/AndroidManifest.xml:80:13-82:51
97                android:name="androidx.emoji2.text.EmojiCompatInitializer"
97-->src/main/AndroidManifest.xml:81:17-75
98                android:value="androidx.startup" />
98-->src/main/AndroidManifest.xml:82:17-49
99            <meta-data
99-->src/main/AndroidManifest.xml:83:13-85:51
100                android:name="androidx.lifecycle.ProcessLifecycleInitializer"
100-->src/main/AndroidManifest.xml:84:17-78
101                android:value="androidx.startup" />
101-->src/main/AndroidManifest.xml:85:17-49
102            <meta-data
102-->[androidx.profileinstaller:profileinstaller:1.3.0] AndroidManifest.xml:29:13-31:52
103                android:name="androidx.profileinstaller.ProfileInstallerInitializer"
103-->[androidx.profileinstaller:profileinstaller:1.3.0] AndroidManifest.xml:30:17-85
104                android:value="androidx.startup" />
104-->[androidx.profileinstaller:profileinstaller:1.3.0] AndroidManifest.xml:31:17-49
105        </provider>
106
107        <receiver
107-->[androidx.profileinstaller:profileinstaller:1.3.0] AndroidManifest.xml:34:9-52:20
108            android:name="androidx.profileinstaller.ProfileInstallReceiver"
108-->[androidx.profileinstaller:profileinstaller:1.3.0] AndroidManifest.xml:35:13-76
109            android:directBootAware="false"
109-->[androidx.profileinstaller:profileinstaller:1.3.0] AndroidManifest.xml:36:13-44
110            android:enabled="true"
110-->[androidx.profileinstaller:profileinstaller:1.3.0] AndroidManifest.xml:37:13-35
111            android:exported="true"
111-->[androidx.profileinstaller:profileinstaller:1.3.0] AndroidManifest.xml:38:13-36
112            android:permission="android.permission.DUMP" >
112-->[androidx.profileinstaller:profileinstaller:1.3.0] AndroidManifest.xml:39:13-57
113            <intent-filter>
113-->[androidx.profileinstaller:profileinstaller:1.3.0] AndroidManifest.xml:40:13-42:29
114                <action android:name="androidx.profileinstaller.action.INSTALL_PROFILE" />
114-->[androidx.profileinstaller:profileinstaller:1.3.0] AndroidManifest.xml:41:17-91
114-->[androidx.profileinstaller:profileinstaller:1.3.0] AndroidManifest.xml:41:25-88
115            </intent-filter>
116            <intent-filter>
116-->[androidx.profileinstaller:profileinstaller:1.3.0] AndroidManifest.xml:43:13-45:29
117                <action android:name="androidx.profileinstaller.action.SKIP_FILE" />
117-->[androidx.profileinstaller:profileinstaller:1.3.0] AndroidManifest.xml:44:17-85
117-->[androidx.profileinstaller:profileinstaller:1.3.0] AndroidManifest.xml:44:25-82
118            </intent-filter>
119            <intent-filter>
119-->[androidx.profileinstaller:profileinstaller:1.3.0] AndroidManifest.xml:46:13-48:29
120                <action android:name="androidx.profileinstaller.action.SAVE_PROFILE" />
120-->[androidx.profileinstaller:profileinstaller:1.3.0] AndroidManifest.xml:47:17-88
120-->[androidx.profileinstaller:profileinstaller:1.3.0] AndroidManifest.xml:47:25-85
121            </intent-filter>
122            <intent-filter>
122-->[androidx.profileinstaller:profileinstaller:1.3.0] AndroidManifest.xml:49:13-51:29
123                <action android:name="androidx.profileinstaller.action.BENCHMARK_OPERATION" />
123-->[androidx.profileinstaller:profileinstaller:1.3.0] AndroidManifest.xml:50:17-95
123-->[androidx.profileinstaller:profileinstaller:1.3.0] AndroidManifest.xml:50:25-92
124            </intent-filter>
125        </receiver>
126    </application>
127
128</manifest>